{"C:\\Users\\makibirit\\Documents\\lim20181-Track-FE-markdown-list\\index.js": {"path":"C:\\Users\\makibirit\\Documents\\lim20181-Track-FE-markdown-list\\index.js","statementMap":{"0":{"start":{"line":2,"column":11},"end":{"line":2,"column":24}},"1":{"start":{"line":3,"column":14},"end":{"line":3,"column":35}},"2":{"start":{"line":4,"column":13},"end":{"line":4,"column":28}},"3":{"start":{"line":6,"column":14},"end":{"line":6,"column":16}},"4":{"start":{"line":7,"column":12},"end":{"line":7,"column":13}},"5":{"start":{"line":8,"column":12},"end":{"line":8,"column":13}},"6":{"start":{"line":9,"column":13},"end":{"line":9,"column":14}},"7":{"start":{"line":10,"column":13},"end":{"line":10,"column":15}},"8":{"start":{"line":11,"column":19},"end":{"line":11,"column":21}},"9":{"start":{"line":12,"column":13},"end":{"line":12,"column":14}},"10":{"start":{"line":13,"column":17},"end":{"line":13,"column":19}},"11":{"start":{"line":14,"column":16},"end":{"line":14,"column":18}},"12":{"start":{"line":17,"column":24},"end":{"line":19,"column":1}},"13":{"start":{"line":18,"column":1},"end":{"line":18,"column":28}},"14":{"start":{"line":22,"column":26},"end":{"line":24,"column":1}},"15":{"start":{"line":23,"column":1},"end":{"line":23,"column":35}},"16":{"start":{"line":27,"column":17},"end":{"line":42,"column":1}},"17":{"start":{"line":28,"column":22},"end":{"line":28,"column":44}},"18":{"start":{"line":29,"column":19},"end":{"line":29,"column":50}},"19":{"start":{"line":30,"column":1},"end":{"line":41,"column":2}},"20":{"start":{"line":31,"column":16},"end":{"line":31,"column":40}},"21":{"start":{"line":32,"column":2},"end":{"line":34,"column":3}},"22":{"start":{"line":33,"column":3},"end":{"line":33,"column":37}},"23":{"start":{"line":35,"column":8},"end":{"line":41,"column":2}},"24":{"start":{"line":36,"column":16},"end":{"line":36,"column":45}},"25":{"start":{"line":38,"column":2},"end":{"line":40,"column":5}},"26":{"start":{"line":39,"column":3},"end":{"line":39,"column":32}},"27":{"start":{"line":45,"column":21},"end":{"line":52,"column":1}},"28":{"start":{"line":46,"column":19},"end":{"line":46,"column":36}},"29":{"start":{"line":47,"column":1},"end":{"line":51,"column":2}},"30":{"start":{"line":48,"column":22},"end":{"line":48,"column":47}},"31":{"start":{"line":49,"column":20},"end":{"line":49,"column":43}},"32":{"start":{"line":50,"column":2},"end":{"line":50,"column":43}},"33":{"start":{"line":55,"column":19},"end":{"line":57,"column":1}},"34":{"start":{"line":56,"column":1},"end":{"line":56,"column":27}},"35":{"start":{"line":60,"column":19},"end":{"line":64,"column":1}},"36":{"start":{"line":61,"column":1},"end":{"line":63,"column":2}},"37":{"start":{"line":62,"column":2},"end":{"line":62,"column":22}},"38":{"start":{"line":67,"column":24},"end":{"line":69,"column":1}},"39":{"start":{"line":68,"column":1},"end":{"line":68,"column":38}},"40":{"start":{"line":72,"column":27},"end":{"line":75,"column":1}},"41":{"start":{"line":73,"column":18},"end":{"line":73,"column":47}},"42":{"start":{"line":74,"column":1},"end":{"line":74,"column":17}},"43":{"start":{"line":78,"column":28},"end":{"line":82,"column":1}},"44":{"start":{"line":79,"column":1},"end":{"line":81,"column":2}},"45":{"start":{"line":80,"column":2},"end":{"line":80,"column":24}},"46":{"start":{"line":85,"column":18},"end":{"line":105,"column":1}},"47":{"start":{"line":87,"column":18},"end":{"line":87,"column":101}},"48":{"start":{"line":89,"column":1},"end":{"line":101,"column":4}},"49":{"start":{"line":90,"column":18},"end":{"line":90,"column":46}},"50":{"start":{"line":92,"column":2},"end":{"line":92,"column":38}},"51":{"start":{"line":94,"column":2},"end":{"line":100,"column":3}},"52":{"start":{"line":95,"column":4},"end":{"line":95,"column":20}},"53":{"start":{"line":97,"column":3},"end":{"line":99,"column":4}},"54":{"start":{"line":98,"column":4},"end":{"line":98,"column":26}},"55":{"start":{"line":102,"column":20},"end":{"line":102,"column":31}},"56":{"start":{"line":103,"column":26},"end":{"line":103,"column":43}},"57":{"start":{"line":104,"column":1},"end":{"line":104,"column":41}},"58":{"start":{"line":108,"column":27},"end":{"line":114,"column":1}},"59":{"start":{"line":109,"column":21},"end":{"line":112,"column":2}},"60":{"start":{"line":113,"column":1},"end":{"line":113,"column":20}},"61":{"start":{"line":117,"column":23},"end":{"line":161,"column":1}},"62":{"start":{"line":118,"column":17},"end":{"line":158,"column":3}},"63":{"start":{"line":129,"column":2},"end":{"line":136,"column":3}},"64":{"start":{"line":131,"column":4},"end":{"line":131,"column":12}},"65":{"start":{"line":132,"column":4},"end":{"line":132,"column":10}},"66":{"start":{"line":134,"column":4},"end":{"line":134,"column":13}},"67":{"start":{"line":135,"column":4},"end":{"line":135,"column":10}},"68":{"start":{"line":138,"column":2},"end":{"line":153,"column":3}},"69":{"start":{"line":139,"column":16},"end":{"line":144,"column":4}},"70":{"start":{"line":145,"column":3},"end":{"line":145,"column":24}},"71":{"start":{"line":146,"column":9},"end":{"line":153,"column":3}},"72":{"start":{"line":147,"column":16},"end":{"line":151,"column":4}},"73":{"start":{"line":152,"column":3},"end":{"line":152,"column":24}},"74":{"start":{"line":157,"column":2},"end":{"line":157,"column":15}},"75":{"start":{"line":160,"column":1},"end":{"line":160,"column":24}},"76":{"start":{"line":164,"column":16},"end":{"line":190,"column":1}},"77":{"start":{"line":165,"column":1},"end":{"line":189,"column":4}},"78":{"start":{"line":166,"column":2},"end":{"line":166,"column":19}},"79":{"start":{"line":167,"column":2},"end":{"line":167,"column":18}},"80":{"start":{"line":168,"column":2},"end":{"line":186,"column":5}},"81":{"start":{"line":170,"column":3},"end":{"line":170,"column":26}},"82":{"start":{"line":172,"column":3},"end":{"line":185,"column":4}},"83":{"start":{"line":173,"column":17},"end":{"line":176,"column":5}},"84":{"start":{"line":177,"column":4},"end":{"line":177,"column":25}},"85":{"start":{"line":178,"column":10},"end":{"line":185,"column":4}},"86":{"start":{"line":179,"column":17},"end":{"line":183,"column":5}},"87":{"start":{"line":184,"column":4},"end":{"line":184,"column":25}},"88":{"start":{"line":188,"column":2},"end":{"line":188,"column":26}},"89":{"start":{"line":192,"column":0},"end":{"line":192,"column":25}}},"fnMap":{"0":{"name":"(anonymous_0)","decl":{"start":{"line":17,"column":24},"end":{"line":17,"column":25}},"loc":{"start":{"line":17,"column":35},"end":{"line":19,"column":1}},"line":17},"1":{"name":"(anonymous_1)","decl":{"start":{"line":22,"column":26},"end":{"line":22,"column":27}},"loc":{"start":{"line":22,"column":45},"end":{"line":24,"column":1}},"line":22},"2":{"name":"(anonymous_2)","decl":{"start":{"line":27,"column":17},"end":{"line":27,"column":18}},"loc":{"start":{"line":27,"column":28},"end":{"line":42,"column":1}},"line":27},"3":{"name":"(anonymous_3)","decl":{"start":{"line":38,"column":12},"end":{"line":38,"column":13}},"loc":{"start":{"line":38,"column":22},"end":{"line":40,"column":3}},"line":38},"4":{"name":"(anonymous_4)","decl":{"start":{"line":45,"column":21},"end":{"line":45,"column":22}},"loc":{"start":{"line":45,"column":42},"end":{"line":52,"column":1}},"line":45},"5":{"name":"(anonymous_5)","decl":{"start":{"line":55,"column":19},"end":{"line":55,"column":20}},"loc":{"start":{"line":55,"column":29},"end":{"line":57,"column":1}},"line":55},"6":{"name":"(anonymous_6)","decl":{"start":{"line":60,"column":19},"end":{"line":60,"column":20}},"loc":{"start":{"line":60,"column":30},"end":{"line":64,"column":1}},"line":60},"7":{"name":"(anonymous_7)","decl":{"start":{"line":67,"column":24},"end":{"line":67,"column":25}},"loc":{"start":{"line":67,"column":43},"end":{"line":69,"column":1}},"line":67},"8":{"name":"(anonymous_8)","decl":{"start":{"line":72,"column":27},"end":{"line":72,"column":28}},"loc":{"start":{"line":72,"column":37},"end":{"line":75,"column":1}},"line":72},"9":{"name":"(anonymous_9)","decl":{"start":{"line":78,"column":28},"end":{"line":78,"column":29}},"loc":{"start":{"line":78,"column":49},"end":{"line":82,"column":1}},"line":78},"10":{"name":"(anonymous_10)","decl":{"start":{"line":85,"column":18},"end":{"line":85,"column":19}},"loc":{"start":{"line":85,"column":38},"end":{"line":105,"column":1}},"line":85},"11":{"name":"(anonymous_11)","decl":{"start":{"line":89,"column":28},"end":{"line":89,"column":29}},"loc":{"start":{"line":89,"column":38},"end":{"line":101,"column":2}},"line":89},"12":{"name":"(anonymous_12)","decl":{"start":{"line":108,"column":27},"end":{"line":108,"column":28}},"loc":{"start":{"line":108,"column":38},"end":{"line":114,"column":1}},"line":108},"13":{"name":"(anonymous_13)","decl":{"start":{"line":117,"column":23},"end":{"line":117,"column":24}},"loc":{"start":{"line":117,"column":44},"end":{"line":161,"column":1}},"line":117},"14":{"name":"(anonymous_14)","decl":{"start":{"line":119,"column":7},"end":{"line":119,"column":8}},"loc":{"start":{"line":119,"column":16},"end":{"line":155,"column":2}},"line":119},"15":{"name":"(anonymous_15)","decl":{"start":{"line":156,"column":8},"end":{"line":156,"column":9}},"loc":{"start":{"line":156,"column":19},"end":{"line":158,"column":2}},"line":156},"16":{"name":"(anonymous_16)","decl":{"start":{"line":164,"column":16},"end":{"line":164,"column":17}},"loc":{"start":{"line":164,"column":35},"end":{"line":190,"column":1}},"line":164},"17":{"name":"(anonymous_17)","decl":{"start":{"line":165,"column":20},"end":{"line":165,"column":21}},"loc":{"start":{"line":165,"column":47},"end":{"line":189,"column":2}},"line":165},"18":{"name":"(anonymous_18)","decl":{"start":{"line":169,"column":8},"end":{"line":169,"column":9}},"loc":{"start":{"line":169,"column":14},"end":{"line":186,"column":3}},"line":169}},"branchMap":{"0":{"loc":{"start":{"line":30,"column":1},"end":{"line":41,"column":2}},"type":"if","locations":[{"start":{"line":30,"column":1},"end":{"line":41,"column":2}},{"start":{"line":30,"column":1},"end":{"line":41,"column":2}}],"line":30},"1":{"loc":{"start":{"line":32,"column":2},"end":{"line":34,"column":3}},"type":"if","locations":[{"start":{"line":32,"column":2},"end":{"line":34,"column":3}},{"start":{"line":32,"column":2},"end":{"line":34,"column":3}}],"line":32},"2":{"loc":{"start":{"line":35,"column":8},"end":{"line":41,"column":2}},"type":"if","locations":[{"start":{"line":35,"column":8},"end":{"line":41,"column":2}},{"start":{"line":35,"column":8},"end":{"line":41,"column":2}}],"line":35},"3":{"loc":{"start":{"line":47,"column":1},"end":{"line":51,"column":2}},"type":"if","locations":[{"start":{"line":47,"column":1},"end":{"line":51,"column":2}},{"start":{"line":47,"column":1},"end":{"line":51,"column":2}}],"line":47},"4":{"loc":{"start":{"line":61,"column":1},"end":{"line":63,"column":2}},"type":"if","locations":[{"start":{"line":61,"column":1},"end":{"line":63,"column":2}},{"start":{"line":61,"column":1},"end":{"line":63,"column":2}}],"line":61},"5":{"loc":{"start":{"line":94,"column":2},"end":{"line":100,"column":3}},"type":"if","locations":[{"start":{"line":94,"column":2},"end":{"line":100,"column":3}},{"start":{"line":94,"column":2},"end":{"line":100,"column":3}}],"line":94},"6":{"loc":{"start":{"line":97,"column":3},"end":{"line":99,"column":4}},"type":"if","locations":[{"start":{"line":97,"column":3},"end":{"line":99,"column":4}},{"start":{"line":97,"column":3},"end":{"line":99,"column":4}}],"line":97},"7":{"loc":{"start":{"line":129,"column":2},"end":{"line":136,"column":3}},"type":"switch","locations":[{"start":{"line":130,"column":3},"end":{"line":132,"column":10}},{"start":{"line":133,"column":3},"end":{"line":135,"column":10}}],"line":129},"8":{"loc":{"start":{"line":138,"column":2},"end":{"line":153,"column":3}},"type":"if","locations":[{"start":{"line":138,"column":2},"end":{"line":153,"column":3}},{"start":{"line":138,"column":2},"end":{"line":153,"column":3}}],"line":138},"9":{"loc":{"start":{"line":138,"column":6},"end":{"line":138,"column":58}},"type":"binary-expr","locations":[{"start":{"line":138,"column":6},"end":{"line":138,"column":31}},{"start":{"line":138,"column":35},"end":{"line":138,"column":58}}],"line":138},"10":{"loc":{"start":{"line":146,"column":9},"end":{"line":153,"column":3}},"type":"if","locations":[{"start":{"line":146,"column":9},"end":{"line":153,"column":3}},{"start":{"line":146,"column":9},"end":{"line":153,"column":3}}],"line":146},"11":{"loc":{"start":{"line":146,"column":13},"end":{"line":146,"column":66}},"type":"binary-expr","locations":[{"start":{"line":146,"column":13},"end":{"line":146,"column":39}},{"start":{"line":146,"column":43},"end":{"line":146,"column":66}}],"line":146},"12":{"loc":{"start":{"line":172,"column":3},"end":{"line":185,"column":4}},"type":"if","locations":[{"start":{"line":172,"column":3},"end":{"line":185,"column":4}},{"start":{"line":172,"column":3},"end":{"line":185,"column":4}}],"line":172},"13":{"loc":{"start":{"line":172,"column":7},"end":{"line":172,"column":59}},"type":"binary-expr","locations":[{"start":{"line":172,"column":7},"end":{"line":172,"column":33}},{"start":{"line":172,"column":37},"end":{"line":172,"column":59}}],"line":172},"14":{"loc":{"start":{"line":178,"column":10},"end":{"line":185,"column":4}},"type":"if","locations":[{"start":{"line":178,"column":10},"end":{"line":185,"column":4}},{"start":{"line":178,"column":10},"end":{"line":185,"column":4}}],"line":178},"15":{"loc":{"start":{"line":178,"column":14},"end":{"line":178,"column":65}},"type":"binary-expr","locations":[{"start":{"line":178,"column":14},"end":{"line":178,"column":39}},{"start":{"line":178,"column":43},"end":{"line":178,"column":65}}],"line":178}},"s":{"0":1,"1":1,"2":1,"3":1,"4":1,"5":1,"6":1,"7":1,"8":1,"9":1,"10":1,"11":1,"12":1,"13":4,"14":1,"15":4,"16":1,"17":4,"18":4,"19":4,"20":4,"21":4,"22":4,"23":0,"24":0,"25":0,"26":0,"27":1,"28":4,"29":4,"30":3,"31":3,"32":3,"33":1,"34":4,"35":1,"36":4,"37":4,"38":1,"39":0,"40":1,"41":3,"42":3,"43":1,"44":3,"45":1023,"46":1,"47":1023,"48":1023,"49":120,"50":120,"51":120,"52":34,"53":86,"54":34,"55":1023,"56":1023,"57":1023,"58":1,"59":120,"60":120,"61":1,"62":120,"63":114,"64":105,"65":105,"66":9,"67":9,"68":114,"69":0,"70":0,"71":114,"72":74,"73":74,"74":6,"75":120,"76":1,"77":4,"78":4,"79":4,"80":4,"81":4,"82":4,"83":0,"84":0,"85":4,"86":3,"87":3,"88":4,"89":1},"f":{"0":4,"1":4,"2":4,"3":0,"4":4,"5":4,"6":4,"7":0,"8":3,"9":3,"10":1023,"11":120,"12":120,"13":120,"14":114,"15":6,"16":4,"17":4,"18":4},"b":{"0":[4,0],"1":[4,0],"2":[0,0],"3":[3,1],"4":[4,0],"5":[34,86],"6":[34,52],"7":[105,9],"8":[0,114],"9":[114,40],"10":[74,40],"11":[114,74],"12":[0,4],"13":[4,1],"14":[3,1],"15":[4,3]},"_coverageSchema":"332fd63041d2c1bcb487cc26dd0d5f7d97098a6c","hash":"71d195ac33a52471e9a55d35ca3958f6855bdd52"}
}
