{"C:\\Users\\Mary Vicuña\\Documents\\lim20181-Track-FE-markdown-list\\index.js": {"path":"C:\\Users\\Mary Vicuña\\Documents\\lim20181-Track-FE-markdown-list\\index.js","statementMap":{"0":{"start":{"line":2,"column":11},"end":{"line":2,"column":24}},"1":{"start":{"line":3,"column":14},"end":{"line":3,"column":35}},"2":{"start":{"line":4,"column":13},"end":{"line":4,"column":28}},"3":{"start":{"line":6,"column":14},"end":{"line":6,"column":16}},"4":{"start":{"line":7,"column":12},"end":{"line":7,"column":13}},"5":{"start":{"line":8,"column":13},"end":{"line":8,"column":14}},"6":{"start":{"line":9,"column":13},"end":{"line":9,"column":14}},"7":{"start":{"line":10,"column":13},"end":{"line":10,"column":15}},"8":{"start":{"line":11,"column":19},"end":{"line":11,"column":21}},"9":{"start":{"line":12,"column":17},"end":{"line":12,"column":19}},"10":{"start":{"line":13,"column":16},"end":{"line":13,"column":18}},"11":{"start":{"line":16,"column":24},"end":{"line":18,"column":1}},"12":{"start":{"line":17,"column":1},"end":{"line":17,"column":28}},"13":{"start":{"line":21,"column":26},"end":{"line":23,"column":1}},"14":{"start":{"line":22,"column":1},"end":{"line":22,"column":35}},"15":{"start":{"line":26,"column":19},"end":{"line":30,"column":1}},"16":{"start":{"line":27,"column":1},"end":{"line":29,"column":2}},"17":{"start":{"line":28,"column":2},"end":{"line":28,"column":22}},"18":{"start":{"line":33,"column":17},"end":{"line":48,"column":1}},"19":{"start":{"line":34,"column":22},"end":{"line":34,"column":44}},"20":{"start":{"line":35,"column":19},"end":{"line":35,"column":50}},"21":{"start":{"line":36,"column":1},"end":{"line":47,"column":2}},"22":{"start":{"line":37,"column":16},"end":{"line":37,"column":40}},"23":{"start":{"line":38,"column":2},"end":{"line":40,"column":3}},"24":{"start":{"line":39,"column":3},"end":{"line":39,"column":37}},"25":{"start":{"line":41,"column":8},"end":{"line":47,"column":2}},"26":{"start":{"line":42,"column":16},"end":{"line":42,"column":45}},"27":{"start":{"line":44,"column":2},"end":{"line":46,"column":5}},"28":{"start":{"line":45,"column":3},"end":{"line":45,"column":32}},"29":{"start":{"line":51,"column":21},"end":{"line":58,"column":1}},"30":{"start":{"line":52,"column":19},"end":{"line":52,"column":36}},"31":{"start":{"line":53,"column":1},"end":{"line":57,"column":2}},"32":{"start":{"line":54,"column":22},"end":{"line":54,"column":47}},"33":{"start":{"line":55,"column":20},"end":{"line":55,"column":43}},"34":{"start":{"line":56,"column":2},"end":{"line":56,"column":43}},"35":{"start":{"line":61,"column":19},"end":{"line":63,"column":1}},"36":{"start":{"line":62,"column":1},"end":{"line":62,"column":27}},"37":{"start":{"line":66,"column":24},"end":{"line":68,"column":1}},"38":{"start":{"line":67,"column":1},"end":{"line":67,"column":38}},"39":{"start":{"line":71,"column":27},"end":{"line":74,"column":1}},"40":{"start":{"line":72,"column":18},"end":{"line":72,"column":47}},"41":{"start":{"line":73,"column":1},"end":{"line":73,"column":17}},"42":{"start":{"line":77,"column":28},"end":{"line":81,"column":1}},"43":{"start":{"line":78,"column":1},"end":{"line":80,"column":2}},"44":{"start":{"line":79,"column":2},"end":{"line":79,"column":24}},"45":{"start":{"line":84,"column":18},"end":{"line":104,"column":1}},"46":{"start":{"line":86,"column":18},"end":{"line":86,"column":101}},"47":{"start":{"line":88,"column":1},"end":{"line":100,"column":4}},"48":{"start":{"line":89,"column":18},"end":{"line":89,"column":46}},"49":{"start":{"line":91,"column":2},"end":{"line":91,"column":38}},"50":{"start":{"line":93,"column":2},"end":{"line":99,"column":3}},"51":{"start":{"line":94,"column":3},"end":{"line":94,"column":19}},"52":{"start":{"line":96,"column":3},"end":{"line":98,"column":4}},"53":{"start":{"line":97,"column":4},"end":{"line":97,"column":26}},"54":{"start":{"line":101,"column":20},"end":{"line":101,"column":31}},"55":{"start":{"line":102,"column":26},"end":{"line":102,"column":43}},"56":{"start":{"line":103,"column":1},"end":{"line":103,"column":40}},"57":{"start":{"line":107,"column":27},"end":{"line":113,"column":1}},"58":{"start":{"line":108,"column":21},"end":{"line":111,"column":2}},"59":{"start":{"line":112,"column":1},"end":{"line":112,"column":20}},"60":{"start":{"line":116,"column":23},"end":{"line":150,"column":1}},"61":{"start":{"line":118,"column":17},"end":{"line":148,"column":4}},"62":{"start":{"line":121,"column":3},"end":{"line":128,"column":4}},"63":{"start":{"line":123,"column":5},"end":{"line":123,"column":13}},"64":{"start":{"line":124,"column":5},"end":{"line":124,"column":11}},"65":{"start":{"line":126,"column":5},"end":{"line":126,"column":14}},"66":{"start":{"line":127,"column":5},"end":{"line":127,"column":11}},"67":{"start":{"line":129,"column":3},"end":{"line":144,"column":4}},"68":{"start":{"line":130,"column":17},"end":{"line":135,"column":5}},"69":{"start":{"line":136,"column":4},"end":{"line":136,"column":25}},"70":{"start":{"line":137,"column":10},"end":{"line":144,"column":4}},"71":{"start":{"line":138,"column":17},"end":{"line":142,"column":5}},"72":{"start":{"line":143,"column":4},"end":{"line":143,"column":25}},"73":{"start":{"line":147,"column":3},"end":{"line":147,"column":16}},"74":{"start":{"line":149,"column":1},"end":{"line":149,"column":24}},"75":{"start":{"line":153,"column":16},"end":{"line":179,"column":1}},"76":{"start":{"line":154,"column":1},"end":{"line":178,"column":4}},"77":{"start":{"line":155,"column":2},"end":{"line":155,"column":19}},"78":{"start":{"line":156,"column":2},"end":{"line":156,"column":18}},"79":{"start":{"line":158,"column":2},"end":{"line":176,"column":6}},"80":{"start":{"line":160,"column":16},"end":{"line":160,"column":17}},"81":{"start":{"line":161,"column":4},"end":{"line":161,"column":27}},"82":{"start":{"line":162,"column":4},"end":{"line":175,"column":5}},"83":{"start":{"line":163,"column":18},"end":{"line":166,"column":6}},"84":{"start":{"line":167,"column":5},"end":{"line":167,"column":26}},"85":{"start":{"line":168,"column":11},"end":{"line":175,"column":5}},"86":{"start":{"line":169,"column":18},"end":{"line":173,"column":6}},"87":{"start":{"line":174,"column":5},"end":{"line":174,"column":26}},"88":{"start":{"line":177,"column":2},"end":{"line":177,"column":26}},"89":{"start":{"line":180,"column":0},"end":{"line":180,"column":25}}},"fnMap":{"0":{"name":"(anonymous_0)","decl":{"start":{"line":16,"column":24},"end":{"line":16,"column":25}},"loc":{"start":{"line":16,"column":35},"end":{"line":18,"column":1}},"line":16},"1":{"name":"(anonymous_1)","decl":{"start":{"line":21,"column":26},"end":{"line":21,"column":27}},"loc":{"start":{"line":21,"column":45},"end":{"line":23,"column":1}},"line":21},"2":{"name":"(anonymous_2)","decl":{"start":{"line":26,"column":19},"end":{"line":26,"column":20}},"loc":{"start":{"line":26,"column":30},"end":{"line":30,"column":1}},"line":26},"3":{"name":"(anonymous_3)","decl":{"start":{"line":33,"column":17},"end":{"line":33,"column":18}},"loc":{"start":{"line":33,"column":28},"end":{"line":48,"column":1}},"line":33},"4":{"name":"(anonymous_4)","decl":{"start":{"line":44,"column":12},"end":{"line":44,"column":13}},"loc":{"start":{"line":44,"column":22},"end":{"line":46,"column":3}},"line":44},"5":{"name":"(anonymous_5)","decl":{"start":{"line":51,"column":21},"end":{"line":51,"column":22}},"loc":{"start":{"line":51,"column":42},"end":{"line":58,"column":1}},"line":51},"6":{"name":"(anonymous_6)","decl":{"start":{"line":61,"column":19},"end":{"line":61,"column":20}},"loc":{"start":{"line":61,"column":29},"end":{"line":63,"column":1}},"line":61},"7":{"name":"(anonymous_7)","decl":{"start":{"line":66,"column":24},"end":{"line":66,"column":25}},"loc":{"start":{"line":66,"column":43},"end":{"line":68,"column":1}},"line":66},"8":{"name":"(anonymous_8)","decl":{"start":{"line":71,"column":27},"end":{"line":71,"column":28}},"loc":{"start":{"line":71,"column":37},"end":{"line":74,"column":1}},"line":71},"9":{"name":"(anonymous_9)","decl":{"start":{"line":77,"column":28},"end":{"line":77,"column":29}},"loc":{"start":{"line":77,"column":49},"end":{"line":81,"column":1}},"line":77},"10":{"name":"(anonymous_10)","decl":{"start":{"line":84,"column":18},"end":{"line":84,"column":19}},"loc":{"start":{"line":84,"column":38},"end":{"line":104,"column":1}},"line":84},"11":{"name":"(anonymous_11)","decl":{"start":{"line":88,"column":28},"end":{"line":88,"column":29}},"loc":{"start":{"line":88,"column":38},"end":{"line":100,"column":2}},"line":88},"12":{"name":"(anonymous_12)","decl":{"start":{"line":107,"column":27},"end":{"line":107,"column":28}},"loc":{"start":{"line":107,"column":38},"end":{"line":113,"column":1}},"line":107},"13":{"name":"(anonymous_13)","decl":{"start":{"line":116,"column":23},"end":{"line":116,"column":24}},"loc":{"start":{"line":116,"column":44},"end":{"line":150,"column":1}},"line":116},"14":{"name":"(anonymous_14)","decl":{"start":{"line":119,"column":8},"end":{"line":119,"column":9}},"loc":{"start":{"line":119,"column":17},"end":{"line":145,"column":3}},"line":119},"15":{"name":"(anonymous_15)","decl":{"start":{"line":146,"column":9},"end":{"line":146,"column":10}},"loc":{"start":{"line":146,"column":20},"end":{"line":148,"column":3}},"line":146},"16":{"name":"(anonymous_16)","decl":{"start":{"line":153,"column":16},"end":{"line":153,"column":17}},"loc":{"start":{"line":153,"column":35},"end":{"line":179,"column":1}},"line":153},"17":{"name":"(anonymous_17)","decl":{"start":{"line":154,"column":20},"end":{"line":154,"column":21}},"loc":{"start":{"line":154,"column":47},"end":{"line":178,"column":2}},"line":154},"18":{"name":"(anonymous_18)","decl":{"start":{"line":159,"column":9},"end":{"line":159,"column":10}},"loc":{"start":{"line":159,"column":15},"end":{"line":176,"column":4}},"line":159}},"branchMap":{"0":{"loc":{"start":{"line":27,"column":1},"end":{"line":29,"column":2}},"type":"if","locations":[{"start":{"line":27,"column":1},"end":{"line":29,"column":2}},{"start":{"line":27,"column":1},"end":{"line":29,"column":2}}],"line":27},"1":{"loc":{"start":{"line":36,"column":1},"end":{"line":47,"column":2}},"type":"if","locations":[{"start":{"line":36,"column":1},"end":{"line":47,"column":2}},{"start":{"line":36,"column":1},"end":{"line":47,"column":2}}],"line":36},"2":{"loc":{"start":{"line":38,"column":2},"end":{"line":40,"column":3}},"type":"if","locations":[{"start":{"line":38,"column":2},"end":{"line":40,"column":3}},{"start":{"line":38,"column":2},"end":{"line":40,"column":3}}],"line":38},"3":{"loc":{"start":{"line":41,"column":8},"end":{"line":47,"column":2}},"type":"if","locations":[{"start":{"line":41,"column":8},"end":{"line":47,"column":2}},{"start":{"line":41,"column":8},"end":{"line":47,"column":2}}],"line":41},"4":{"loc":{"start":{"line":53,"column":1},"end":{"line":57,"column":2}},"type":"if","locations":[{"start":{"line":53,"column":1},"end":{"line":57,"column":2}},{"start":{"line":53,"column":1},"end":{"line":57,"column":2}}],"line":53},"5":{"loc":{"start":{"line":93,"column":2},"end":{"line":99,"column":3}},"type":"if","locations":[{"start":{"line":93,"column":2},"end":{"line":99,"column":3}},{"start":{"line":93,"column":2},"end":{"line":99,"column":3}}],"line":93},"6":{"loc":{"start":{"line":96,"column":3},"end":{"line":98,"column":4}},"type":"if","locations":[{"start":{"line":96,"column":3},"end":{"line":98,"column":4}},{"start":{"line":96,"column":3},"end":{"line":98,"column":4}}],"line":96},"7":{"loc":{"start":{"line":121,"column":3},"end":{"line":128,"column":4}},"type":"switch","locations":[{"start":{"line":122,"column":4},"end":{"line":124,"column":11}},{"start":{"line":125,"column":4},"end":{"line":127,"column":11}}],"line":121},"8":{"loc":{"start":{"line":129,"column":3},"end":{"line":144,"column":4}},"type":"if","locations":[{"start":{"line":129,"column":3},"end":{"line":144,"column":4}},{"start":{"line":129,"column":3},"end":{"line":144,"column":4}}],"line":129},"9":{"loc":{"start":{"line":129,"column":7},"end":{"line":129,"column":41}},"type":"binary-expr","locations":[{"start":{"line":129,"column":7},"end":{"line":129,"column":23}},{"start":{"line":129,"column":27},"end":{"line":129,"column":41}}],"line":129},"10":{"loc":{"start":{"line":137,"column":10},"end":{"line":144,"column":4}},"type":"if","locations":[{"start":{"line":137,"column":10},"end":{"line":144,"column":4}},{"start":{"line":137,"column":10},"end":{"line":144,"column":4}}],"line":137},"11":{"loc":{"start":{"line":137,"column":14},"end":{"line":137,"column":49}},"type":"binary-expr","locations":[{"start":{"line":137,"column":14},"end":{"line":137,"column":31}},{"start":{"line":137,"column":35},"end":{"line":137,"column":49}}],"line":137},"12":{"loc":{"start":{"line":162,"column":4},"end":{"line":175,"column":5}},"type":"if","locations":[{"start":{"line":162,"column":4},"end":{"line":175,"column":5}},{"start":{"line":162,"column":4},"end":{"line":175,"column":5}}],"line":162},"13":{"loc":{"start":{"line":162,"column":8},"end":{"line":162,"column":42}},"type":"binary-expr","locations":[{"start":{"line":162,"column":8},"end":{"line":162,"column":25}},{"start":{"line":162,"column":29},"end":{"line":162,"column":42}}],"line":162},"14":{"loc":{"start":{"line":168,"column":11},"end":{"line":175,"column":5}},"type":"if","locations":[{"start":{"line":168,"column":11},"end":{"line":175,"column":5}},{"start":{"line":168,"column":11},"end":{"line":175,"column":5}}],"line":168},"15":{"loc":{"start":{"line":168,"column":15},"end":{"line":168,"column":48}},"type":"binary-expr","locations":[{"start":{"line":168,"column":15},"end":{"line":168,"column":31}},{"start":{"line":168,"column":35},"end":{"line":168,"column":48}}],"line":168}},"s":{"0":1,"1":1,"2":1,"3":1,"4":1,"5":1,"6":1,"7":1,"8":1,"9":1,"10":1,"11":1,"12":18,"13":1,"14":18,"15":1,"16":14,"17":14,"18":1,"19":18,"20":18,"21":18,"22":14,"23":14,"24":14,"25":4,"26":4,"27":4,"28":8,"29":1,"30":14,"31":14,"32":9,"33":9,"34":9,"35":1,"36":14,"37":1,"38":4,"39":1,"40":9,"41":9,"42":1,"43":9,"44":9,"45":1,"46":9,"47":9,"48":9,"49":9,"50":9,"51":1,"52":8,"53":1,"54":9,"55":9,"56":9,"57":1,"58":9,"59":9,"60":1,"61":9,"62":9,"63":9,"64":9,"65":0,"66":0,"67":9,"68":4,"69":4,"70":5,"71":2,"72":2,"73":0,"74":9,"75":1,"76":10,"77":10,"78":10,"79":10,"80":10,"81":10,"82":10,"83":2,"84":2,"85":8,"86":1,"87":1,"88":10,"89":1},"f":{"0":18,"1":18,"2":14,"3":18,"4":8,"5":14,"6":14,"7":4,"8":9,"9":9,"10":9,"11":9,"12":9,"13":9,"14":9,"15":0,"16":10,"17":10,"18":10},"b":{"0":[14,0],"1":[14,4],"2":[14,0],"3":[4,0],"4":[9,5],"5":[1,8],"6":[1,7],"7":[9,0],"8":[4,5],"9":[9,5],"10":[2,3],"11":[5,4],"12":[2,8],"13":[10,5],"14":[1,7],"15":[8,5]},"_coverageSchema":"332fd63041d2c1bcb487cc26dd0d5f7d97098a6c","hash":"7e6858da76e85a3859c3b4df54896e9fde83f7bc"}
}
