TN:
SF:C:\Users\makibirit\Documents\lim20181-Track-FE-markdown-list\index.js
FN:17,(anonymous_0)
FN:22,(anonymous_1)
FN:27,(anonymous_2)
FN:38,(anonymous_3)
FN:45,(anonymous_4)
FN:55,(anonymous_5)
FN:60,(anonymous_6)
FN:67,(anonymous_7)
FN:72,(anonymous_8)
FN:78,(anonymous_9)
FN:85,(anonymous_10)
FN:89,(anonymous_11)
FN:108,(anonymous_12)
FN:117,(anonymous_13)
FN:119,(anonymous_14)
FN:156,(anonymous_15)
FN:164,(anonymous_16)
FN:165,(anonymous_17)
FN:169,(anonymous_18)
FNF:19
FNH:17
FNDA:4,(anonymous_0)
FNDA:4,(anonymous_1)
FNDA:4,(anonymous_2)
FNDA:0,(anonymous_3)
FNDA:4,(anonymous_4)
FNDA:4,(anonymous_5)
FNDA:4,(anonymous_6)
FNDA:0,(anonymous_7)
FNDA:3,(anonymous_8)
FNDA:3,(anonymous_9)
FNDA:1023,(anonymous_10)
FNDA:120,(anonymous_11)
FNDA:120,(anonymous_12)
FNDA:120,(anonymous_13)
FNDA:114,(anonymous_14)
FNDA:6,(anonymous_15)
FNDA:4,(anonymous_16)
FNDA:4,(anonymous_17)
FNDA:4,(anonymous_18)
DA:2,1
DA:3,1
DA:4,1
DA:6,1
DA:7,1
DA:8,1
DA:9,1
DA:10,1
DA:11,1
DA:12,1
DA:13,1
DA:14,1
DA:17,1
DA:18,4
DA:22,1
DA:23,4
DA:27,1
DA:28,4
DA:29,4
DA:30,4
DA:31,4
DA:32,4
DA:33,4
DA:35,0
DA:36,0
DA:38,0
DA:39,0
DA:45,1
DA:46,4
DA:47,4
DA:48,3
DA:49,3
DA:50,3
DA:55,1
DA:56,4
DA:60,1
DA:61,4
DA:62,4
DA:67,1
DA:68,0
DA:72,1
DA:73,3
DA:74,3
DA:78,1
DA:79,3
DA:80,1023
DA:85,1
DA:87,1023
DA:89,1023
DA:90,120
DA:92,120
DA:94,120
DA:95,34
DA:97,86
DA:98,34
DA:102,1023
DA:103,1023
DA:104,1023
DA:108,1
DA:109,120
DA:113,120
DA:117,1
DA:118,120
DA:129,114
DA:131,105
DA:132,105
DA:134,9
DA:135,9
DA:138,114
DA:139,0
DA:145,0
DA:146,114
DA:147,74
DA:152,74
DA:157,6
DA:160,120
DA:164,1
DA:165,4
DA:166,4
DA:167,4
DA:168,4
DA:170,4
DA:172,4
DA:173,0
DA:177,0
DA:178,4
DA:179,3
DA:184,3
DA:188,4
DA:192,1
LF:90
LH:81
BRDA:30,0,0,4
BRDA:30,0,1,0
BRDA:32,1,0,4
BRDA:32,1,1,0
BRDA:35,2,0,0
BRDA:35,2,1,0
BRDA:47,3,0,3
BRDA:47,3,1,1
BRDA:61,4,0,4
BRDA:61,4,1,0
BRDA:94,5,0,34
BRDA:94,5,1,86
BRDA:97,6,0,34
BRDA:97,6,1,52
BRDA:129,7,0,105
BRDA:129,7,1,9
BRDA:138,8,0,0
BRDA:138,8,1,114
BRDA:138,9,0,114
BRDA:138,9,1,40
BRDA:146,10,0,74
BRDA:146,10,1,40
BRDA:146,11,0,114
BRDA:146,11,1,74
BRDA:172,12,0,0
BRDA:172,12,1,4
BRDA:172,13,0,4
BRDA:172,13,1,1
BRDA:178,14,0,3
BRDA:178,14,1,1
BRDA:178,15,0,4
BRDA:178,15,1,3
BRF:32
BRH:25
end_of_record
