TN:
SF:C:\Users\makibirit\Documents\lim20181-Track-FE-markdown-list\index.js
FN:17,(anonymous_0)
FN:22,(anonymous_1)
FN:27,(anonymous_2)
FN:38,(anonymous_3)
FN:45,(anonymous_4)
FN:55,(anonymous_5)
FN:60,(anonymous_6)
FN:67,(anonymous_7)
FN:72,(anonymous_8)
FN:78,(anonymous_9)
FN:85,(anonymous_10)
FN:89,(anonymous_11)
FN:108,(anonymous_12)
FN:117,(anonymous_13)
FN:119,(anonymous_14)
FN:148,(anonymous_15)
FN:156,(anonymous_16)
FN:157,(anonymous_17)
FN:161,(anonymous_18)
FNF:19
FNH:18
FNDA:22,(anonymous_0)
FNDA:22,(anonymous_1)
FNDA:22,(anonymous_2)
FNDA:12,(anonymous_3)
FNDA:14,(anonymous_4)
FNDA:14,(anonymous_5)
FNDA:14,(anonymous_6)
FNDA:8,(anonymous_7)
FNDA:9,(anonymous_8)
FNDA:9,(anonymous_9)
FNDA:19,(anonymous_10)
FNDA:9,(anonymous_11)
FNDA:9,(anonymous_12)
FNDA:9,(anonymous_13)
FNDA:9,(anonymous_14)
FNDA:0,(anonymous_15)
FNDA:10,(anonymous_16)
FNDA:10,(anonymous_17)
FNDA:10,(anonymous_18)
DA:2,1
DA:3,1
DA:4,1
DA:6,1
DA:7,1
DA:8,1
DA:9,1
DA:10,1
DA:11,1
DA:12,1
DA:13,1
DA:14,1
DA:17,1
DA:18,22
DA:22,1
DA:23,22
DA:27,1
DA:28,22
DA:29,22
DA:30,22
DA:31,14
DA:32,14
DA:33,14
DA:35,8
DA:36,8
DA:38,8
DA:39,12
DA:45,1
DA:46,14
DA:47,14
DA:48,9
DA:49,9
DA:50,9
DA:55,1
DA:56,14
DA:60,1
DA:61,14
DA:62,14
DA:67,1
DA:68,8
DA:72,1
DA:73,9
DA:74,9
DA:78,1
DA:79,9
DA:80,19
DA:85,1
DA:87,19
DA:89,19
DA:90,9
DA:92,9
DA:94,9
DA:95,2
DA:97,7
DA:98,2
DA:102,19
DA:103,19
DA:104,19
DA:108,1
DA:109,9
DA:113,9
DA:117,1
DA:118,9
DA:121,9
DA:123,9
DA:124,9
DA:126,0
DA:127,0
DA:130,9
DA:131,3
DA:137,3
DA:138,6
DA:139,3
DA:144,3
DA:149,0
DA:152,9
DA:156,1
DA:157,10
DA:158,10
DA:159,10
DA:160,10
DA:162,10
DA:164,10
DA:165,2
DA:169,2
DA:170,8
DA:171,1
DA:176,1
DA:180,10
DA:184,1
LF:90
LH:87
BRDA:30,0,0,14
BRDA:30,0,1,8
BRDA:32,1,0,14
BRDA:32,1,1,0
BRDA:35,2,0,8
BRDA:35,2,1,0
BRDA:47,3,0,9
BRDA:47,3,1,5
BRDA:61,4,0,14
BRDA:61,4,1,0
BRDA:94,5,0,2
BRDA:94,5,1,7
BRDA:97,6,0,2
BRDA:97,6,1,5
BRDA:121,7,0,9
BRDA:121,7,1,0
BRDA:130,8,0,3
BRDA:130,8,1,6
BRDA:130,9,0,9
BRDA:130,9,1,4
BRDA:138,10,0,3
BRDA:138,10,1,3
BRDA:138,11,0,6
BRDA:138,11,1,5
BRDA:164,12,0,2
BRDA:164,12,1,8
BRDA:164,13,0,10
BRDA:164,13,1,6
BRDA:170,14,0,1
BRDA:170,14,1,7
BRDA:170,15,0,8
BRDA:170,15,1,4
BRF:32
BRH:28
end_of_record
